<?xml version="1.0" encoding="UTF-8"?>
<!-- Generated by org.testng.reporters.JUnitReportReporter -->
<testsuite hostname="IDEAPAD-LT3" failures="0" tests="1" name="com.itc.qa.testcases.InboxPageTestCases" time="4.762" errors="0" timestamp="2024-07-31T16:30:10 IST" skipped="0">
  <testcase classname="com.itc.qa.testcases.InboxPageTestCases" name="validateContactPageUrl" time="4.762"/>
  <system-out/>
</testsuite> <!-- com.itc.qa.testcases.InboxPageTestCases -->
