<?xml version="1.0" encoding="UTF-8"?>
<!-- Generated by org.testng.reporters.JUnitReportReporter -->
<testsuite hostname="IDEAPAD-LT3" failures="0" tests="6" name="com.itc.qa.testcases.LoginPageTestCases" time="16.217" errors="0" timestamp="2024-08-05T18:53:53 IST" skipped="0">
  <testcase classname="com.itc.qa.testcases.LoginPageTestCases" name="validatePageTitle" time="0.020"/>
  <system-out/>
  <testcase classname="com.itc.qa.testcases.LoginPageTestCases" name="validateItcLogo" time="0.045"/>
  <system-out/>
  <testcase classname="com.itc.qa.testcases.LoginPageTestCases" name="loginPageTest" time="10.421"/>
  <system-out/>
  <testcase classname="com.itc.qa.testcases.LoginPageTestCases" name="validateContactClick" time="5.688"/>
  <system-out/>
  <testcase classname="com.itc.qa.testcases.LoginPageTestCases" name="validatePageUrl" time="0.013"/>
  <system-out/>
  <testcase classname="com.itc.qa.testcases.LoginPageTestCases" name="validateContactText" time="0.030"/>
  <system-out/>
</testsuite> <!-- com.itc.qa.testcases.LoginPageTestCases -->
